<?xml version="1.0" encoding="UTF-8"?>
<!-- Generated by org.testng.reporters.JUnitReportReporter -->
<testsuite skipped="0" hostname="DESKTOP-S5FALKS" name="com.ebanking.master.empcrestion" tests="3" failures="0" timestamp="23 Apr 2020 17:30:22 GMT" time="65.059" errors="0">
  <testcase name="emp" time="20.473" classname="com.ebanking.master.empcrestion"/>
  <testcase name="emp" time="30.690" classname="com.ebanking.master.empcrestion"/>
  <testcase name="emp" time="13.896" classname="com.ebanking.master.empcrestion"/>
</testsuite> <!-- com.ebanking.master.empcrestion -->
