<?xml version="1.0" encoding="UTF-8"?>
<!-- Generated by org.testng.reporters.JUnitReportReporter -->
<testsuite skipped="0" hostname="DESKTOP-S5FALKS" name="com.ebanking.master.Branches" tests="4" failures="0" timestamp="23 Apr 2020 17:30:22 GMT" time="43.655" errors="0">
  <testcase name="Brcre" time="10.828" classname="com.ebanking.master.Branches"/>
  <testcase name="Brcre" time="10.552" classname="com.ebanking.master.Branches"/>
  <testcase name="Brcre" time="11.352" classname="com.ebanking.master.Branches"/>
  <testcase name="Brcre" time="10.923" classname="com.ebanking.master.Branches"/>
</testsuite> <!-- com.ebanking.master.Branches -->
