<?xml version="1.0" encoding="UTF-8"?>
<!-- Generated by org.testng.reporters.JUnitReportReporter -->
<testsuite skipped="0" hostname="DESKTOP-S5FALKS" name="com.ebanking.master.Rolecreation" tests="3" failures="0" timestamp="23 Apr 2020 17:30:22 GMT" time="17.916" errors="0">
  <testcase name="rolec" time="5.961" classname="com.ebanking.master.Rolecreation"/>
  <testcase name="rolec" time="6.186" classname="com.ebanking.master.Rolecreation"/>
  <testcase name="rolec" time="5.769" classname="com.ebanking.master.Rolecreation"/>
</testsuite> <!-- com.ebanking.master.Rolecreation -->
