<?xml version="1.0" encoding="UTF-8"?>
<!-- Generated by org.testng.reporters.JUnitReportReporter -->
<testsuite skipped="0" hostname="DESKTOP-S5FALKS" name="com.ebanking.master.Sample" tests="2" failures="0" timestamp="22 Apr 2020 02:53:32 GMT" time="0.025" errors="0">
  <testcase name="abc" time="0.010" classname="com.ebanking.master.Sample"/>
  <testcase name="adc" time="0.015" classname="com.ebanking.master.Sample"/>
</testsuite> <!-- com.ebanking.master.Sample -->
